Arguments: 
  /home/bisk8s/.nvm/versions/node/v14.0.0/bin/node /home/linuxbrew/.linuxbrew/Cellar/yarn/1.22.10/libexec/bin/yarn.js add exporess

PATH: 
  /home/linuxbrew/.linuxbrew/bin:/home/linuxbrew/.linuxbrew/sbin:/home/linuxbrew/.linuxbrew/bin:/home/linuxbrew/.linuxbrew/sbin:/home/bisk8s/.nvm/versions/node/v14.0.0/bin:/home/bisk8s/Android/Sdk:/home/bisk8s/Android/Sdk/platform-tools:/home/bisk8s/Android/Sdk/emulator:/home/bisk8s/bin:/usr/local/bin:/home/linuxbrew/.linuxbrew:/home/linuxbrew/.linuxbrew/bin:/home/linuxbrew/.linuxbrew/sbin:/home/linuxbrew/.linuxbrew/bin:/home/linuxbrew/.linuxbrew/sbin:/usr/local/opt/ncurses/bin:/usr/local/sbin:/usr/local/bin:/usr/sbin:/usr/bin:/sbin:/bin:/usr/games:/usr/local/games:/snap/bin

Yarn version: 
  1.22.10

Node version: 
  14.0.0

Platform: 
  linux x64

Trace: 
  Error: https://registry.yarnpkg.com/exporess: Not found
      at Request.params.callback [as _callback] (/home/linuxbrew/.linuxbrew/Cellar/yarn/1.22.10/libexec/lib/cli.js:66988:18)
      at Request.self.callback (/home/linuxbrew/.linuxbrew/Cellar/yarn/1.22.10/libexec/lib/cli.js:140749:22)
      at Request.emit (events.js:315:20)
      at Request.<anonymous> (/home/linuxbrew/.linuxbrew/Cellar/yarn/1.22.10/libexec/lib/cli.js:141721:10)
      at Request.emit (events.js:315:20)
      at IncomingMessage.<anonymous> (/home/linuxbrew/.linuxbrew/Cellar/yarn/1.22.10/libexec/lib/cli.js:141643:12)
      at Object.onceWrapper (events.js:421:28)
      at IncomingMessage.emit (events.js:327:22)
      at endReadableNT (_stream_readable.js:1218:12)
      at processTicksAndRejections (internal/process/task_queues.js:84:21)

npm manifest: 
  {
    "name": "karaoke",
    "version": "1.0.0",
    "description": "Karaoke system with scoring system",
    "main": "index.js",
    "repository": "git@github.com:bisk8s/karaoke.git",
    "author": "Guilherme Lucena",
    "license": "MIT",
    "private": false
  }

yarn manifest: 
  No manifest

Lockfile: 
  No lockfile
